<?xml version="1.0" encoding="UTF-8" ?>
<!DOCTYPE struts PUBLIC
    "-//Apache Software Foundation//DTD Struts Configuration 2.0//EN"
    "http://struts.apache.org/dtds/struts-2.0.dtd">

<struts>
	
	<package name="testPackage" extends="struts-default" namespace="/test">
		<action name="test" class="com.company.test.action.TestAction" method="execute">
			<result name="success">/WEB-INF/jsp/test/test.jsp</result>  
		</action>
	</package>
	

</struts>
